Copyright 1986-2017 Xilinx, Inc. All Rights Reserved.
------------------------------------------------------------------------------------------
| Tool Version : Vivado v.2017.2 (lin64) Build 1909853 Thu Jun 15 18:39:10 MDT 2017
| Date         : Fri Dec 22 12:23:10 2017
| Host         : mazur-W55xEU running 64-bit Ubuntu 16.04.3 LTS
| Command      : report_clock_utilization -file Main_wrapper_clock_utilization_routed.rpt
| Design       : Main_wrapper
| Device       : 7z010-clg225
| Speed File   : -1  PRODUCTION 1.11 2014-09-11
------------------------------------------------------------------------------------------

Clock Utilization Report

Table of Contents
-----------------
1. Clock Primitive Utilization
2. Global Clock Resources
3. Global Clock Source Details
4. Clock Regions: Key Resource Utilization
5. Clock Regions : Global Clock Summary
6. Device Cell Placement Summary for Global Clock g0
7. Device Cell Placement Summary for Global Clock g1
8. Device Cell Placement Summary for Global Clock g2
9. Device Cell Placement Summary for Global Clock g3
10. Clock Region Cell Placement per Global Clock: Region X1Y0
11. Clock Region Cell Placement per Global Clock: Region X0Y1

1. Clock Primitive Utilization
------------------------------

+----------+------+-----------+-----+--------------+--------+
| Type     | Used | Available | LOC | Clock Region | Pblock |
+----------+------+-----------+-----+--------------+--------+
| BUFGCTRL |    4 |        32 |   0 |            0 |      0 |
| BUFH     |    0 |        48 |   0 |            0 |      0 |
| BUFIO    |    0 |         8 |   0 |            0 |      0 |
| BUFMR    |    0 |         4 |   0 |            0 |      0 |
| BUFR     |    0 |         8 |   0 |            0 |      0 |
| MMCM     |    1 |         2 |   0 |            0 |      0 |
| PLL      |    0 |         2 |   0 |            0 |      0 |
+----------+------+-----------+-----+--------------+--------+


2. Global Clock Resources
-------------------------

+-----------+-----------+-----------------+------------+---------------+--------------+-------------------+-------------+-----------------+--------------+------------+----------------------------------------------------------------------+---------------------------------------------+
| Global Id | Source Id | Driver Type/Pin | Constraint | Site          | Clock Region | Load Clock Region | Clock Loads | Non-Clock Loads | Clock Period | Clock      | Driver Pin                                                           | Net                                         |
+-----------+-----------+-----------------+------------+---------------+--------------+-------------------+-------------+-----------------+--------------+------------+----------------------------------------------------------------------+---------------------------------------------+
| g0        | src0      | BUFG/O          | None       | BUFGCTRL_X0Y1 | n/a          |                 1 |         408 |               0 |       20.000 | unity_clk  | Main_i/unity_ctrl_0/U0/UNITY/unity_clk_BUFG_inst/O                   | Main_i/unity_ctrl_0/U0/UNITY/unity_clk_BUFG |
| g1        | src0      | BUFG/O          | None       | BUFGCTRL_X0Y2 | n/a          |                 1 |          63 |               0 |       10.417 | clk_uart   | Main_i/unity_ctrl_0/U0/UNITY/clk_uart_BUFG_inst/O                    | Main_i/unity_ctrl_0/U0/UNITY/clk_uart_BUFG  |
| g2        | src1      | BUFG/O          | None       | BUFGCTRL_X0Y0 | n/a          |                 1 |           1 |               0 |       20.000 | clk_fpga_0 | Main_i/processing_system7_0/inst/buffer_fclk_clk_0.FCLK_CLK_0_BUFG/O | Main_i/processing_system7_0/inst/FCLK_CLK0  |
| g3        | src1      | BUFG/O          | None       | BUFGCTRL_X0Y3 | n/a          |                 1 |           1 |               0 |        5.000 | clk_fpga_1 | Main_i/processing_system7_0/inst/buffer_fclk_clk_1.FCLK_CLK_1_BUFG/O | Main_i/processing_system7_0/inst/FCLK_CLK1  |
+-----------+-----------+-----------------+------------+---------------+--------------+-------------------+-------------+-----------------+--------------+------------+----------------------------------------------------------------------+---------------------------------------------+
* Clock Loads column represents the clock pin loads (pin count)
** Non-Clock Loads column represents the non-clock pin loads (pin count)


3. Global Clock Source Details
------------------------------

+-----------+-----------+--------------------+------------+-----------------+--------------+-------------+-----------------+---------------------+--------------+-------------------------------------------------------------+---------------------------------------------------------+
| Source Id | Global Id | Driver Type/Pin    | Constraint | Site            | Clock Region | Clock Loads | Non-Clock Loads | Source Clock Period | Source Clock | Driver Pin                                                  | Net                                                     |
+-----------+-----------+--------------------+------------+-----------------+--------------+-------------+-----------------+---------------------+--------------+-------------------------------------------------------------+---------------------------------------------------------+
| src0      | g1        | MMCME2_ADV/CLKOUT0 | None       | MMCME2_ADV_X0Y0 | X1Y0         |           1 |               0 |              10.417 | clk_uart     | Main_i/unity_ctrl_0/U0/UNITY/ZYNQ_GEN.zynq_clk_mmcm/CLKOUT0 | Main_i/unity_ctrl_0/U0/UNITY/clk_uart                   |
| src0      | g0        | MMCME2_ADV/CLKOUT1 | None       | MMCME2_ADV_X0Y0 | X1Y0         |           1 |               0 |              20.000 | unity_clk    | Main_i/unity_ctrl_0/U0/UNITY/ZYNQ_GEN.zynq_clk_mmcm/CLKOUT1 | Main_i/unity_ctrl_0/U0/UNITY/unity_clk                  |
| src1      | g2        | PS7/FCLKCLK[0]     | PS7_X0Y0   | PS7_X0Y0        | X0Y1         |           1 |               0 |              20.000 | clk_fpga_0   | Main_i/processing_system7_0/inst/PS7_i/FCLKCLK[0]           | Main_i/processing_system7_0/inst/FCLK_CLK_unbuffered[0] |
| src1      | g3        | PS7/FCLKCLK[1]     | PS7_X0Y0   | PS7_X0Y0        | X0Y1         |           1 |               0 |               5.000 | clk_fpga_1   | Main_i/processing_system7_0/inst/PS7_i/FCLKCLK[1]           | Main_i/processing_system7_0/inst/FCLK_CLK_unbuffered[1] |
+-----------+-----------+--------------------+------------+-----------------+--------------+-------------+-----------------+---------------------+--------------+-------------------------------------------------------------+---------------------------------------------------------+
* Clock Loads column represents the clock pin loads (pin count)
** Non-Clock Loads column represents the non-clock pin loads (pin count)


4. Clock Regions: Key Resource Utilization
------------------------------------------

+-------------------+--------------+--------------+--------------+--------------+--------------+--------------+--------------+--------------+--------------+--------------+--------------+--------------+--------------+--------------+--------------+
|                   | Global Clock |     BUFRs    |    BUFMRs    |    BUFIOs    |     MMCM     |      PLL     |      GT      |      PCI     |    ILOGIC    |    OLOGIC    |      FF      |     LUTM     |    RAMB18    |    RAMB36    |    DSP48E2   |
+-------------------+------+-------+------+-------+------+-------+------+-------+------+-------+------+-------+------+-------+------+-------+------+-------+------+-------+------+-------+------+-------+------+-------+------+-------+------+-------+
| Clock Region Name | Used | Avail | Used | Avail | Used | Avail | Used | Avail | Used | Avail | Used | Avail | Used | Avail | Used | Avail | Used | Avail | Used | Avail | Used | Avail | Used | Avail | Used | Avail | Used | Avail | Used | Avail |
+-------------------+------+-------+------+-------+------+-------+------+-------+------+-------+------+-------+------+-------+------+-------+------+-------+------+-------+------+-------+------+-------+------+-------+------+-------+------+-------+
| X0Y0              |    0 |    12 |    0 |     0 |    0 |     0 |    0 |     0 |    0 |     0 |    0 |     0 |    0 |     0 |    0 |     0 |    0 |     0 |    0 |     0 |    0 |  1100 |    0 |   400 |    0 |    20 |    0 |    10 |    0 |    20 |
| X1Y0              |    3 |    12 |    0 |     4 |    0 |     2 |    0 |     4 |    1 |     1 |    0 |     1 |    0 |     0 |    0 |     0 |    0 |    50 |    0 |    50 |  443 |  1100 |  148 |   350 |    0 |    40 |    1 |    20 |    0 |    20 |
| X0Y1              |    1 |    12 |    0 |     0 |    0 |     0 |    0 |     0 |    0 |     0 |    0 |     0 |    0 |     0 |    0 |     0 |    0 |     0 |    0 |     0 |    0 |  1100 |    0 |   400 |    0 |    20 |    0 |    10 |    0 |    20 |
| X1Y1              |    0 |    12 |    0 |     4 |    0 |     2 |    0 |     4 |    0 |     1 |    0 |     1 |    0 |     0 |    0 |     0 |    0 |    50 |    0 |    50 |    0 |  1100 |    0 |   350 |    0 |    40 |    0 |    20 |    0 |    20 |
+-------------------+------+-------+------+-------+------+-------+------+-------+------+-------+------+-------+------+-------+------+-------+------+-------+------+-------+------+-------+------+-------+------+-------+------+-------+------+-------+
* Global Clock column represents track count; while other columns represents cell counts


5. Clock Regions : Global Clock Summary
---------------------------------------

+----+----+----+
|    | X0 | X1 |
+----+----+----+
| Y1 |  1 |  0 |
| Y0 |  0 |  3 |
+----+----+----+


6. Device Cell Placement Summary for Global Clock g0
----------------------------------------------------

+-----------+-----------------+-------------------+-----------+-------------+----------------+-------------+----------+----------------+----------+---------------------------------------------+
| Global Id | Driver Type/Pin | Driver Region (D) | Clock     | Period (ns) | Waveform (ns)  | Slice Loads | IO Loads | Clocking Loads | GT Loads | Net                                         |
+-----------+-----------------+-------------------+-----------+-------------+----------------+-------------+----------+----------------+----------+---------------------------------------------+
| g0        | BUFG/O          | n/a               | unity_clk |      20.000 | {0.000 10.000} |         383 |        0 |              0 |        0 | Main_i/unity_ctrl_0/U0/UNITY/unity_clk_BUFG |
+-----------+-----------------+-------------------+-----------+-------------+----------------+-------------+----------+----------------+----------+---------------------------------------------+
* Logic Loads column represents load cell count of all cell types other than IO, GT and clock resources
** IO Loads column represents load cell count of IO types
*** Clocking Loads column represents load cell count that are clock resources (global clock buffer, MMCM, PLL, etc)
**** GT Loads column represents load cell count of GT types


+----+----+------+
|    | X0 | X1   |
+----+----+------+
| Y1 |  0 |    0 |
| Y0 |  0 |  383 |
+----+----+------+


7. Device Cell Placement Summary for Global Clock g1
----------------------------------------------------

+-----------+-----------------+-------------------+----------+-------------+---------------+-------------+----------+----------------+----------+--------------------------------------------+
| Global Id | Driver Type/Pin | Driver Region (D) | Clock    | Period (ns) | Waveform (ns) | Slice Loads | IO Loads | Clocking Loads | GT Loads | Net                                        |
+-----------+-----------------+-------------------+----------+-------------+---------------+-------------+----------+----------------+----------+--------------------------------------------+
| g1        | BUFG/O          | n/a               | clk_uart |      10.417 | {0.000 5.208} |          61 |        0 |              0 |        0 | Main_i/unity_ctrl_0/U0/UNITY/clk_uart_BUFG |
+-----------+-----------------+-------------------+----------+-------------+---------------+-------------+----------+----------------+----------+--------------------------------------------+
* Logic Loads column represents load cell count of all cell types other than IO, GT and clock resources
** IO Loads column represents load cell count of IO types
*** Clocking Loads column represents load cell count that are clock resources (global clock buffer, MMCM, PLL, etc)
**** GT Loads column represents load cell count of GT types


+----+----+-----+
|    | X0 | X1  |
+----+----+-----+
| Y1 |  0 |   0 |
| Y0 |  0 |  61 |
+----+----+-----+


8. Device Cell Placement Summary for Global Clock g2
----------------------------------------------------

+-----------+-----------------+-------------------+------------+-------------+----------------+-------------+----------+----------------+----------+--------------------------------------------+
| Global Id | Driver Type/Pin | Driver Region (D) | Clock      | Period (ns) | Waveform (ns)  | Slice Loads | IO Loads | Clocking Loads | GT Loads | Net                                        |
+-----------+-----------------+-------------------+------------+-------------+----------------+-------------+----------+----------------+----------+--------------------------------------------+
| g2        | BUFG/O          | n/a               | clk_fpga_0 |      20.000 | {0.000 10.000} |           1 |        0 |              0 |        0 | Main_i/processing_system7_0/inst/FCLK_CLK0 |
+-----------+-----------------+-------------------+------------+-------------+----------------+-------------+----------+----------------+----------+--------------------------------------------+
* Logic Loads column represents load cell count of all cell types other than IO, GT and clock resources
** IO Loads column represents load cell count of IO types
*** Clocking Loads column represents load cell count that are clock resources (global clock buffer, MMCM, PLL, etc)
**** GT Loads column represents load cell count of GT types


+----+----+----+
|    | X0 | X1 |
+----+----+----+
| Y1 |  1 |  0 |
| Y0 |  0 |  0 |
+----+----+----+


9. Device Cell Placement Summary for Global Clock g3
----------------------------------------------------

+-----------+-----------------+-------------------+------------+-------------+---------------+-------------+----------+----------------+----------+--------------------------------------------+
| Global Id | Driver Type/Pin | Driver Region (D) | Clock      | Period (ns) | Waveform (ns) | Slice Loads | IO Loads | Clocking Loads | GT Loads | Net                                        |
+-----------+-----------------+-------------------+------------+-------------+---------------+-------------+----------+----------------+----------+--------------------------------------------+
| g3        | BUFG/O          | n/a               | clk_fpga_1 |       5.000 | {0.000 2.500} |           0 |        0 |              1 |        0 | Main_i/processing_system7_0/inst/FCLK_CLK1 |
+-----------+-----------------+-------------------+------------+-------------+---------------+-------------+----------+----------------+----------+--------------------------------------------+
* Logic Loads column represents load cell count of all cell types other than IO, GT and clock resources
** IO Loads column represents load cell count of IO types
*** Clocking Loads column represents load cell count that are clock resources (global clock buffer, MMCM, PLL, etc)
**** GT Loads column represents load cell count of GT types


+----+----+----+
|    | X0 | X1 |
+----+----+----+
| Y1 |  0 |  0 |
| Y0 |  0 |  1 |
+----+----+----+


10. Clock Region Cell Placement per Global Clock: Region X1Y0
-------------------------------------------------------------

+-----------+-------+-----------------+------------+-------------+-----------------+-----+--------+------+-----+----+------+-----+---------+---------------------------------------------+
| Global Id | Track | Driver Type/Pin | Constraint | Clock Loads | Non-Clock Loads | FF  | LUTRAM | RAMB | DSP | GT | MMCM | PLL | Hard IP | Net                                         |
+-----------+-------+-----------------+------------+-------------+-----------------+-----+--------+------+-----+----+------+-----+---------+---------------------------------------------+
| g0        | n/a   | BUFG/O          | None       |         383 |               0 | 382 |      0 |    1 |   0 |  0 |    0 |   0 |       0 | Main_i/unity_ctrl_0/U0/UNITY/unity_clk_BUFG |
| g1        | n/a   | BUFG/O          | None       |          61 |               0 |  61 |      0 |    0 |   0 |  0 |    0 |   0 |       0 | Main_i/unity_ctrl_0/U0/UNITY/clk_uart_BUFG  |
| g3        | n/a   | BUFG/O          | None       |           1 |               0 |   0 |      0 |    0 |   0 |  0 |    1 |   0 |       0 | Main_i/processing_system7_0/inst/FCLK_CLK1  |
+-----------+-------+-----------------+------------+-------------+-----------------+-----+--------+------+-----+----+------+-----+---------+---------------------------------------------+
* Clock Loads column represents the clock pin loads (pin count)
** Non-Clock Loads column represents the non-clock pin loads (pin count)
*** Columns FF, LUTRAM, RAMB through 'Hard IP' represents load cell counts


11. Clock Region Cell Placement per Global Clock: Region X0Y1
-------------------------------------------------------------

+-----------+-------+-----------------+------------+-------------+-----------------+----+--------+------+-----+----+------+-----+---------+--------------------------------------------+
| Global Id | Track | Driver Type/Pin | Constraint | Clock Loads | Non-Clock Loads | FF | LUTRAM | RAMB | DSP | GT | MMCM | PLL | Hard IP | Net                                        |
+-----------+-------+-----------------+------------+-------------+-----------------+----+--------+------+-----+----+------+-----+---------+--------------------------------------------+
| g2        | n/a   | BUFG/O          | None       |           1 |               0 |  0 |      0 |    0 |   0 |  0 |    0 |   0 |       0 | Main_i/processing_system7_0/inst/FCLK_CLK0 |
+-----------+-------+-----------------+------------+-------------+-----------------+----+--------+------+-----+----+------+-----+---------+--------------------------------------------+
* Clock Loads column represents the clock pin loads (pin count)
** Non-Clock Loads column represents the non-clock pin loads (pin count)
*** Columns FF, LUTRAM, RAMB through 'Hard IP' represents load cell counts



# Location of BUFG Primitives 
set_property LOC BUFGCTRL_X0Y1 [get_cells Main_i/unity_ctrl_0/U0/UNITY/unity_clk_BUFG_inst]
set_property LOC BUFGCTRL_X0Y2 [get_cells Main_i/unity_ctrl_0/U0/UNITY/clk_uart_BUFG_inst]
set_property LOC BUFGCTRL_X0Y3 [get_cells Main_i/processing_system7_0/inst/buffer_fclk_clk_1.FCLK_CLK_1_BUFG]
set_property LOC BUFGCTRL_X0Y0 [get_cells Main_i/processing_system7_0/inst/buffer_fclk_clk_0.FCLK_CLK_0_BUFG]

# Location of IO Primitives which is load of clock spine

# Location of clock ports

# Clock net "Main_i/unity_ctrl_0/U0/UNITY/unity_clk_BUFG" driven by instance "Main_i/unity_ctrl_0/U0/UNITY/unity_clk_BUFG_inst" located at site "BUFGCTRL_X0Y1"
#startgroup
create_pblock {CLKAG_Main_i/unity_ctrl_0/U0/UNITY/unity_clk_BUFG}
add_cells_to_pblock [get_pblocks  {CLKAG_Main_i/unity_ctrl_0/U0/UNITY/unity_clk_BUFG}] [get_cells -filter { PRIMITIVE_GROUP != I/O && IS_PRIMITIVE==1 && PRIMITIVE_LEVEL !=INTERNAL } -of_object [get_pins -filter {DIRECTION==IN} -of_objects [get_nets -hierarchical -filter {PARENT=="Main_i/unity_ctrl_0/U0/UNITY/unity_clk_BUFG"}]]]
resize_pblock [get_pblocks {CLKAG_Main_i/unity_ctrl_0/U0/UNITY/unity_clk_BUFG}] -add {CLOCKREGION_X1Y0:CLOCKREGION_X1Y0}
#endgroup

# Clock net "Main_i/unity_ctrl_0/U0/UNITY/clk_uart_BUFG" driven by instance "Main_i/unity_ctrl_0/U0/UNITY/clk_uart_BUFG_inst" located at site "BUFGCTRL_X0Y2"
#startgroup
create_pblock {CLKAG_Main_i/unity_ctrl_0/U0/UNITY/clk_uart_BUFG}
add_cells_to_pblock [get_pblocks  {CLKAG_Main_i/unity_ctrl_0/U0/UNITY/clk_uart_BUFG}] [get_cells -filter { PRIMITIVE_GROUP != I/O && IS_PRIMITIVE==1 && PRIMITIVE_LEVEL !=INTERNAL } -of_object [get_pins -filter {DIRECTION==IN} -of_objects [get_nets -hierarchical -filter {PARENT=="Main_i/unity_ctrl_0/U0/UNITY/clk_uart_BUFG"}]]]
resize_pblock [get_pblocks {CLKAG_Main_i/unity_ctrl_0/U0/UNITY/clk_uart_BUFG}] -add {CLOCKREGION_X1Y0:CLOCKREGION_X1Y0}
#endgroup

# Clock net "Main_i/processing_system7_0/inst/FCLK_CLK0" driven by instance "Main_i/processing_system7_0/inst/buffer_fclk_clk_0.FCLK_CLK_0_BUFG" located at site "BUFGCTRL_X0Y0"
#startgroup
create_pblock {CLKAG_Main_i/processing_system7_0/inst/FCLK_CLK0}
add_cells_to_pblock [get_pblocks  {CLKAG_Main_i/processing_system7_0/inst/FCLK_CLK0}] [get_cells -filter { PRIMITIVE_GROUP != I/O && IS_PRIMITIVE==1 && PRIMITIVE_LEVEL !=INTERNAL } -of_object [get_pins -filter {DIRECTION==IN} -of_objects [get_nets -hierarchical -filter {PARENT=="Main_i/processing_system7_0/inst/FCLK_CLK0"}]]]
resize_pblock [get_pblocks {CLKAG_Main_i/processing_system7_0/inst/FCLK_CLK0}] -add {CLOCKREGION_X0Y1:CLOCKREGION_X0Y1}
#endgroup
