Copyright 1986-2017 Xilinx, Inc. All Rights Reserved.
-------------------------------------------------------------------------------------------------------------------------------
| Tool Version : Vivado v.2017.2 (lin64) Build 1909853 Thu Jun 15 18:39:10 MDT 2017
| Date         : Fri Dec 22 12:23:08 2017
| Host         : mazur-W55xEU running 64-bit Ubuntu 16.04.3 LTS
| Command      : report_methodology -file Main_wrapper_methodology_drc_routed.rpt -rpx Main_wrapper_methodology_drc_routed.rpx
| Design       : Main_wrapper
| Device       : xc7z010clg225-1
| Speed File   : -1
| Design State : Routed
-------------------------------------------------------------------------------------------------------------------------------

Report Methodology

Table of Contents
-----------------
1. REPORT SUMMARY
2. REPORT DETAILS

1. REPORT SUMMARY
-----------------
            Netlist: netlist
          Floorplan: design_1
      Design limits: <entire design considered>
             Max violations: <unlimited>
             Violations found: 61
+-----------+----------+-------------------------------+------------+
| Rule      | Severity | Description                   | Violations |
+-----------+----------+-------------------------------+------------+
| TIMING-16 | Warning  | Large setup violation         | 54         |
| TIMING-18 | Warning  | Missing input or output delay | 2          |
| TIMING-20 | Warning  | Non-clocked latch             | 5          |
+-----------+----------+-------------------------------+------------+

2. REPORT DETAILS
-----------------
TIMING-16#1 Warning
Large setup violation  
There is a large setup violation of -1.797 ns between Main_i/unity_ctrl_0/U0/UNITY/uart_wb_link_inst/uart_gab_link_inst/uart_inst/rx_fifo_inst/fifo_ctrl_inst/write_ctrl/w_ptr_reg_reg[1]/C (clocked by clk_uart) and Main_i/unity_ctrl_0/U0/UNITY/uart_wb_link_inst/uart_gab_link_inst/uart_inst/rx_fifo_inst/fifo_ctrl_inst/synchdepth_2p.sync_w_ptr/sync_reg_reg[0][1]/D (clocked by unity_clk). Large setup violations at the end of those stages might be difficult to fix during the post-placement implementation flow and could be the result of non-optimal XDC constraints or non-optimal design architecture
Related violations: <none>

TIMING-16#2 Warning
Large setup violation  
There is a large setup violation of -1.854 ns between Main_i/unity_ctrl_0/U0/UNITY/uart_wb_link_inst/uart_gab_link_inst/uart_inst/rx_fifo_inst/fifo_ctrl_inst/read_ctrl/r_ptr_reg_reg[0]/C (clocked by unity_clk) and Main_i/unity_ctrl_0/U0/UNITY/uart_wb_link_inst/uart_gab_link_inst/uart_inst/rx_fifo_inst/fifo_ctrl_inst/synchdepth_2p.sync_r_ptr/sync_reg_reg[0][0]/D (clocked by clk_uart). Large setup violations at the end of those stages might be difficult to fix during the post-placement implementation flow and could be the result of non-optimal XDC constraints or non-optimal design architecture
Related violations: <none>

TIMING-16#3 Warning
Large setup violation  
There is a large setup violation of -1.859 ns between Main_i/unity_ctrl_0/U0/UNITY/uart_wb_link_inst/uart_gab_link_inst/uart_inst/lsr_rx_parity_err_reg_reg/C (clocked by clk_uart) and Main_i/unity_ctrl_0/U0/UNITY/uart_wb_link_inst/uart_gab_link_inst/uart_inst/lsr_o_reg[4]/D (clocked by unity_clk). Large setup violations at the end of those stages might be difficult to fix during the post-placement implementation flow and could be the result of non-optimal XDC constraints or non-optimal design architecture
Related violations: <none>

TIMING-16#4 Warning
Large setup violation  
There is a large setup violation of -1.870 ns between Main_i/unity_ctrl_0/U0/UNITY/uart_wb_link_inst/uart_gab_link_inst/uart_inst/lsr_rx_overrun_err_reg_reg/C (clocked by clk_uart) and Main_i/unity_ctrl_0/U0/UNITY/uart_wb_link_inst/uart_gab_link_inst/uart_inst/lsr_o_reg[3]/D (clocked by unity_clk). Large setup violations at the end of those stages might be difficult to fix during the post-placement implementation flow and could be the result of non-optimal XDC constraints or non-optimal design architecture
Related violations: <none>

TIMING-16#5 Warning
Large setup violation  
There is a large setup violation of -1.887 ns between Main_i/unity_ctrl_0/U0/UNITY/uart_wb_link_inst/uart_gab_link_inst/uart_inst/lsr_rx_framing_err_reg_reg/C (clocked by clk_uart) and Main_i/unity_ctrl_0/U0/UNITY/uart_wb_link_inst/uart_gab_link_inst/uart_inst/lsr_o_reg[5]/D (clocked by unity_clk). Large setup violations at the end of those stages might be difficult to fix during the post-placement implementation flow and could be the result of non-optimal XDC constraints or non-optimal design architecture
Related violations: <none>

TIMING-16#6 Warning
Large setup violation  
There is a large setup violation of -1.908 ns between Main_i/unity_ctrl_0/U0/UNITY/uart_wb_link_inst/uart_gab_link_inst/uart_inst/tx_fifo_inst/fifo_ctrl_inst/write_ctrl/w_ptr_reg_reg[0]/C (clocked by unity_clk) and Main_i/unity_ctrl_0/U0/UNITY/uart_wb_link_inst/uart_gab_link_inst/uart_inst/tx_fifo_inst/fifo_ctrl_inst/synchdepth_2p.sync_w_ptr/sync_reg_reg[0][0]/D (clocked by clk_uart). Large setup violations at the end of those stages might be difficult to fix during the post-placement implementation flow and could be the result of non-optimal XDC constraints or non-optimal design architecture
Related violations: <none>

TIMING-16#7 Warning
Large setup violation  
There is a large setup violation of -1.928 ns between Main_i/unity_ctrl_0/U0/UNITY/uart_wb_link_inst/uart_gab_link_inst/uart_inst/tx_fifo_inst/fifo_ctrl_inst/write_ctrl/w_ptr_reg_reg[1]/C (clocked by unity_clk) and Main_i/unity_ctrl_0/U0/UNITY/uart_wb_link_inst/uart_gab_link_inst/uart_inst/tx_fifo_inst/fifo_ctrl_inst/synchdepth_2p.sync_w_ptr/sync_reg_reg[0][1]/D (clocked by clk_uart). Large setup violations at the end of those stages might be difficult to fix during the post-placement implementation flow and could be the result of non-optimal XDC constraints or non-optimal design architecture
Related violations: <none>

TIMING-16#8 Warning
Large setup violation  
There is a large setup violation of -1.929 ns between Main_i/unity_ctrl_0/U0/UNITY/uart_wb_link_inst/uart_gab_link_inst/uart_inst/tx_fifo_inst/fifo_ctrl_inst/read_ctrl/r_ptr_reg_reg[1]/C (clocked by clk_uart) and Main_i/unity_ctrl_0/U0/UNITY/uart_wb_link_inst/uart_gab_link_inst/uart_inst/tx_fifo_inst/fifo_ctrl_inst/synchdepth_2p.sync_r_ptr/sync_reg_reg[0][1]/D (clocked by unity_clk). Large setup violations at the end of those stages might be difficult to fix during the post-placement implementation flow and could be the result of non-optimal XDC constraints or non-optimal design architecture
Related violations: <none>

TIMING-16#9 Warning
Large setup violation  
There is a large setup violation of -1.954 ns between Main_i/unity_ctrl_0/U0/UNITY/uart_wb_link_inst/uart_gab_link_inst/uart_inst/rx_fifo_inst/regfile/RAM_reg_0_3_6_7/RAMA_D1/CLK (clocked by clk_uart) and Main_i/unity_ctrl_0/U0/UNITY/uart_wb_link_inst/uart_gab_link_inst/uart_gab_link_dl_inst/uart_gab_link_dl_ascii_dec_inst/ascii_reg_reg[7]/D (clocked by unity_clk). Large setup violations at the end of those stages might be difficult to fix during the post-placement implementation flow and could be the result of non-optimal XDC constraints or non-optimal design architecture
Related violations: <none>

TIMING-16#10 Warning
Large setup violation  
There is a large setup violation of -1.974 ns between Main_i/unity_ctrl_0/U0/UNITY/uart_wb_link_inst/uart_gab_link_inst/uart_inst/tx_fifo_inst/fifo_ctrl_inst/read_ctrl/r_ptr_reg_reg[0]/C (clocked by clk_uart) and Main_i/unity_ctrl_0/U0/UNITY/uart_wb_link_inst/uart_gab_link_inst/uart_inst/tx_fifo_inst/fifo_ctrl_inst/synchdepth_2p.sync_r_ptr/sync_reg_reg[0][0]/D (clocked by unity_clk). Large setup violations at the end of those stages might be difficult to fix during the post-placement implementation flow and could be the result of non-optimal XDC constraints or non-optimal design architecture
Related violations: <none>

TIMING-16#11 Warning
Large setup violation  
There is a large setup violation of -1.981 ns between Main_i/unity_ctrl_0/U0/UNITY/uart_wb_link_inst/uart_gab_link_inst/uart_inst/rx_fifo_inst/regfile/RAM_reg_0_3_0_5/RAMA_D1/CLK (clocked by clk_uart) and Main_i/unity_ctrl_0/U0/UNITY/uart_wb_link_inst/uart_gab_link_inst/uart_gab_link_dl_inst/uart_gab_link_dl_ascii_dec_inst/ascii_reg_reg[1]/D (clocked by unity_clk). Large setup violations at the end of those stages might be difficult to fix during the post-placement implementation flow and could be the result of non-optimal XDC constraints or non-optimal design architecture
Related violations: <none>

TIMING-16#12 Warning
Large setup violation  
There is a large setup violation of -2.000 ns between Main_i/unity_ctrl_0/U0/UNITY/uart_wb_link_inst/uart_gab_link_inst/uart_inst/tx_fifo_inst/regfile/RAM_reg_0_3_6_7/RAMA_D1/CLK (clocked by unity_clk) and Main_i/unity_ctrl_0/U0/UNITY/uart_wb_link_inst/uart_gab_link_inst/uart_inst/uart_tx_inst/data_reg_reg[7]/D (clocked by clk_uart). Large setup violations at the end of those stages might be difficult to fix during the post-placement implementation flow and could be the result of non-optimal XDC constraints or non-optimal design architecture
Related violations: <none>

TIMING-16#13 Warning
Large setup violation  
There is a large setup violation of -2.010 ns between Main_i/unity_ctrl_0/U0/UNITY/uart_wb_link_inst/uart_gab_link_inst/uart_inst/tx_fifo_inst/regfile/RAM_reg_0_3_0_5/RAMA_D1/CLK (clocked by unity_clk) and Main_i/unity_ctrl_0/U0/UNITY/uart_wb_link_inst/uart_gab_link_inst/uart_inst/uart_tx_inst/data_reg_reg[1]/D (clocked by clk_uart). Large setup violations at the end of those stages might be difficult to fix during the post-placement implementation flow and could be the result of non-optimal XDC constraints or non-optimal design architecture
Related violations: <none>

TIMING-16#14 Warning
Large setup violation  
There is a large setup violation of -2.024 ns between Main_i/unity_ctrl_0/U0/UNITY/uart_wb_link_inst/uart_gab_link_inst/uart_inst/rx_fifo_inst/regfile/RAM_reg_0_3_0_5/RAMA/CLK (clocked by clk_uart) and Main_i/unity_ctrl_0/U0/UNITY/uart_wb_link_inst/uart_gab_link_inst/uart_gab_link_dl_inst/uart_gab_link_dl_ascii_dec_inst/ascii_reg_reg[0]/D (clocked by unity_clk). Large setup violations at the end of those stages might be difficult to fix during the post-placement implementation flow and could be the result of non-optimal XDC constraints or non-optimal design architecture
Related violations: <none>

TIMING-16#15 Warning
Large setup violation  
There is a large setup violation of -2.050 ns between Main_i/unity_ctrl_0/U0/UNITY/uart_wb_link_inst/uart_gab_link_inst/uart_inst/rx_fifo_inst/fifo_ctrl_inst/read_ctrl/r_ptr_reg_reg[1]/C (clocked by unity_clk) and Main_i/unity_ctrl_0/U0/UNITY/uart_wb_link_inst/uart_gab_link_inst/uart_inst/rx_fifo_inst/fifo_ctrl_inst/synchdepth_2p.sync_r_ptr/sync_reg_reg[0][1]/D (clocked by clk_uart). Large setup violations at the end of those stages might be difficult to fix during the post-placement implementation flow and could be the result of non-optimal XDC constraints or non-optimal design architecture
Related violations: <none>

TIMING-16#16 Warning
Large setup violation  
There is a large setup violation of -2.053 ns between Main_i/unity_ctrl_0/U0/UNITY/uart_wb_link_inst/uart_gab_link_inst/uart_inst/tx_fifo_inst/regfile/RAM_reg_0_3_6_7/RAMA/CLK (clocked by unity_clk) and Main_i/unity_ctrl_0/U0/UNITY/uart_wb_link_inst/uart_gab_link_inst/uart_inst/uart_tx_inst/data_reg_reg[6]/D (clocked by clk_uart). Large setup violations at the end of those stages might be difficult to fix during the post-placement implementation flow and could be the result of non-optimal XDC constraints or non-optimal design architecture
Related violations: <none>

TIMING-16#17 Warning
Large setup violation  
There is a large setup violation of -2.054 ns between Main_i/unity_ctrl_0/U0/UNITY/uart_wb_link_inst/uart_gab_link_inst/uart_inst/tx_fifo_inst/regfile/RAM_reg_0_3_0_5/RAMA/CLK (clocked by unity_clk) and Main_i/unity_ctrl_0/U0/UNITY/uart_wb_link_inst/uart_gab_link_inst/uart_inst/uart_tx_inst/data_reg_reg[0]/D (clocked by clk_uart). Large setup violations at the end of those stages might be difficult to fix during the post-placement implementation flow and could be the result of non-optimal XDC constraints or non-optimal design architecture
Related violations: <none>

TIMING-16#18 Warning
Large setup violation  
There is a large setup violation of -2.058 ns between Main_i/unity_ctrl_0/U0/UNITY/uart_wb_link_inst/uart_gab_link_inst/uart_inst/rx_fifo_inst/regfile/RAM_reg_0_3_6_7/RAMA/CLK (clocked by clk_uart) and Main_i/unity_ctrl_0/U0/UNITY/uart_wb_link_inst/uart_gab_link_inst/uart_gab_link_dl_inst/uart_gab_link_dl_ascii_dec_inst/ascii_reg_reg[6]/D (clocked by unity_clk). Large setup violations at the end of those stages might be difficult to fix during the post-placement implementation flow and could be the result of non-optimal XDC constraints or non-optimal design architecture
Related violations: <none>

TIMING-16#19 Warning
Large setup violation  
There is a large setup violation of -2.102 ns between Main_i/unity_ctrl_0/U0/UNITY/uart_wb_link_inst/uart_gab_link_inst/uart_inst/rx_fifo_inst/fifo_ctrl_inst/read_ctrl/r_ptr_reg_reg[2]/C (clocked by unity_clk) and Main_i/unity_ctrl_0/U0/UNITY/uart_wb_link_inst/uart_gab_link_inst/uart_inst/rx_fifo_inst/fifo_ctrl_inst/synchdepth_2p.sync_r_ptr/sync_reg_reg[0][2]/D (clocked by clk_uart). Large setup violations at the end of those stages might be difficult to fix during the post-placement implementation flow and could be the result of non-optimal XDC constraints or non-optimal design architecture
Related violations: <none>

TIMING-16#20 Warning
Large setup violation  
There is a large setup violation of -2.129 ns between Main_i/unity_ctrl_0/U0/UNITY/uart_wb_link_inst/uart_gab_link_inst/uart_inst/tx_fifo_inst/fifo_ctrl_inst/read_ctrl/r_ptr_reg_reg[2]/C (clocked by clk_uart) and Main_i/unity_ctrl_0/U0/UNITY/uart_wb_link_inst/uart_gab_link_inst/uart_inst/tx_fifo_inst/fifo_ctrl_inst/synchdepth_2p.sync_r_ptr/sync_reg_reg[0][2]/D (clocked by unity_clk). Large setup violations at the end of those stages might be difficult to fix during the post-placement implementation flow and could be the result of non-optimal XDC constraints or non-optimal design architecture
Related violations: <none>

TIMING-16#21 Warning
Large setup violation  
There is a large setup violation of -2.134 ns between Main_i/unity_ctrl_0/U0/UNITY/uart_wb_link_inst/uart_gab_link_inst/uart_inst/tx_fifo_inst/fifo_ctrl_inst/write_ctrl/w_ptr_reg_reg[2]/C (clocked by unity_clk) and Main_i/unity_ctrl_0/U0/UNITY/uart_wb_link_inst/uart_gab_link_inst/uart_inst/tx_fifo_inst/fifo_ctrl_inst/synchdepth_2p.sync_w_ptr/sync_reg_reg[0][2]/D (clocked by clk_uart). Large setup violations at the end of those stages might be difficult to fix during the post-placement implementation flow and could be the result of non-optimal XDC constraints or non-optimal design architecture
Related violations: <none>

TIMING-16#22 Warning
Large setup violation  
There is a large setup violation of -2.138 ns between Main_i/unity_ctrl_0/U0/UNITY/uart_wb_link_inst/uart_gab_link_inst/uart_inst/rx_fifo_inst/fifo_ctrl_inst/write_ctrl/w_ptr_reg_reg[2]/C (clocked by clk_uart) and Main_i/unity_ctrl_0/U0/UNITY/uart_wb_link_inst/uart_gab_link_inst/uart_inst/rx_fifo_inst/fifo_ctrl_inst/synchdepth_2p.sync_w_ptr/sync_reg_reg[0][2]/D (clocked by unity_clk). Large setup violations at the end of those stages might be difficult to fix during the post-placement implementation flow and could be the result of non-optimal XDC constraints or non-optimal design architecture
Related violations: <none>

TIMING-16#23 Warning
Large setup violation  
There is a large setup violation of -2.150 ns between Main_i/unity_ctrl_0/U0/UNITY/uart_wb_link_inst/uart_gab_link_inst/uart_inst/rx_fifo_inst/regfile/RAM_reg_0_3_0_5/RAMB_D1/CLK (clocked by clk_uart) and Main_i/unity_ctrl_0/U0/UNITY/uart_wb_link_inst/uart_gab_link_inst/uart_gab_link_dl_inst/uart_gab_link_dl_ascii_dec_inst/ascii_reg_reg[3]/D (clocked by unity_clk). Large setup violations at the end of those stages might be difficult to fix during the post-placement implementation flow and could be the result of non-optimal XDC constraints or non-optimal design architecture
Related violations: <none>

TIMING-16#24 Warning
Large setup violation  
There is a large setup violation of -2.157 ns between Main_i/unity_ctrl_0/U0/UNITY/uart_wb_link_inst/uart_gab_link_inst/uart_inst/tx_fifo_inst/regfile/RAM_reg_0_3_0_5/RAMC/CLK (clocked by unity_clk) and Main_i/unity_ctrl_0/U0/UNITY/uart_wb_link_inst/uart_gab_link_inst/uart_inst/uart_tx_inst/data_reg_reg[4]/D (clocked by clk_uart). Large setup violations at the end of those stages might be difficult to fix during the post-placement implementation flow and could be the result of non-optimal XDC constraints or non-optimal design architecture
Related violations: <none>

TIMING-16#25 Warning
Large setup violation  
There is a large setup violation of -2.164 ns between Main_i/unity_ctrl_0/U0/UNITY/uart_wb_link_inst/uart_gab_link_inst/uart_inst/rx_fifo_inst/fifo_ctrl_inst/write_ctrl/w_ptr_reg_reg[0]/C (clocked by clk_uart) and Main_i/unity_ctrl_0/U0/UNITY/uart_wb_link_inst/uart_gab_link_inst/uart_inst/rx_fifo_inst/fifo_ctrl_inst/synchdepth_2p.sync_w_ptr/sync_reg_reg[0][0]/D (clocked by unity_clk). Large setup violations at the end of those stages might be difficult to fix during the post-placement implementation flow and could be the result of non-optimal XDC constraints or non-optimal design architecture
Related violations: <none>

TIMING-16#26 Warning
Large setup violation  
There is a large setup violation of -2.179 ns between Main_i/unity_ctrl_0/U0/UNITY/uart_wb_link_inst/uart_gab_link_inst/uart_inst/rx_fifo_inst/regfile/RAM_reg_0_3_0_5/RAMC/CLK (clocked by clk_uart) and Main_i/unity_ctrl_0/U0/UNITY/uart_wb_link_inst/uart_gab_link_inst/uart_gab_link_dl_inst/uart_gab_link_dl_ascii_dec_inst/ascii_reg_reg[4]/D (clocked by unity_clk). Large setup violations at the end of those stages might be difficult to fix during the post-placement implementation flow and could be the result of non-optimal XDC constraints or non-optimal design architecture
Related violations: <none>

TIMING-16#27 Warning
Large setup violation  
There is a large setup violation of -2.192 ns between Main_i/unity_ctrl_0/U0/UNITY/uart_wb_link_inst/uart_gab_link_inst/uart_inst/tx_fifo_inst/regfile/RAM_reg_0_3_0_5/RAMB/CLK (clocked by unity_clk) and Main_i/unity_ctrl_0/U0/UNITY/uart_wb_link_inst/uart_gab_link_inst/uart_inst/uart_tx_inst/data_reg_reg[2]/D (clocked by clk_uart). Large setup violations at the end of those stages might be difficult to fix during the post-placement implementation flow and could be the result of non-optimal XDC constraints or non-optimal design architecture
Related violations: <none>

TIMING-16#28 Warning
Large setup violation  
There is a large setup violation of -2.200 ns between Main_i/unity_ctrl_0/U0/UNITY/uart_wb_link_inst/uart_gab_link_inst/uart_inst/rx_fifo_inst/regfile/RAM_reg_0_3_0_5/RAMB/CLK (clocked by clk_uart) and Main_i/unity_ctrl_0/U0/UNITY/uart_wb_link_inst/uart_gab_link_inst/uart_gab_link_dl_inst/uart_gab_link_dl_ascii_dec_inst/ascii_reg_reg[2]/D (clocked by unity_clk). Large setup violations at the end of those stages might be difficult to fix during the post-placement implementation flow and could be the result of non-optimal XDC constraints or non-optimal design architecture
Related violations: <none>

TIMING-16#29 Warning
Large setup violation  
There is a large setup violation of -2.251 ns between Main_i/unity_ctrl_0/U0/UNITY/uart_wb_link_inst/uart_gab_link_inst/uart_inst/tx_fifo_inst/regfile/RAM_reg_0_3_0_5/RAMB_D1/CLK (clocked by unity_clk) and Main_i/unity_ctrl_0/U0/UNITY/uart_wb_link_inst/uart_gab_link_inst/uart_inst/uart_tx_inst/data_reg_reg[3]/D (clocked by clk_uart). Large setup violations at the end of those stages might be difficult to fix during the post-placement implementation flow and could be the result of non-optimal XDC constraints or non-optimal design architecture
Related violations: <none>

TIMING-16#30 Warning
Large setup violation  
There is a large setup violation of -2.260 ns between Main_i/unity_ctrl_0/U0/UNITY/uart_wb_link_inst/uart_gab_link_inst/uart_inst/tx_fifo_inst/regfile/RAM_reg_0_3_0_5/RAMC_D1/CLK (clocked by unity_clk) and Main_i/unity_ctrl_0/U0/UNITY/uart_wb_link_inst/uart_gab_link_inst/uart_inst/uart_tx_inst/data_reg_reg[5]/D (clocked by clk_uart). Large setup violations at the end of those stages might be difficult to fix during the post-placement implementation flow and could be the result of non-optimal XDC constraints or non-optimal design architecture
Related violations: <none>

TIMING-16#31 Warning
Large setup violation  
There is a large setup violation of -2.286 ns between Main_i/unity_ctrl_0/U0/UNITY/uart_wb_link_inst/uart_gab_link_inst/uart_inst/rx_fifo_inst/regfile/RAM_reg_0_3_0_5/RAMC_D1/CLK (clocked by clk_uart) and Main_i/unity_ctrl_0/U0/UNITY/uart_wb_link_inst/uart_gab_link_inst/uart_gab_link_dl_inst/uart_gab_link_dl_ascii_dec_inst/ascii_reg_reg[5]/D (clocked by unity_clk). Large setup violations at the end of those stages might be difficult to fix during the post-placement implementation flow and could be the result of non-optimal XDC constraints or non-optimal design architecture
Related violations: <none>

TIMING-16#32 Warning
Large setup violation  
There is a large setup violation of -2.538 ns between Main_i/unity_ctrl_0/U0/UNITY/uart_wb_link_inst/uart_gab_link_inst/uart_gab_link_dl_inst/FULL_DL_RX_GEN.uart_gab_link_dl_rx_fsm_inst/FSM_sequential_state_reg_reg[1]/C (clocked by unity_clk) and Main_i/unity_ctrl_0/U0/UNITY/uart_wb_link_inst/uart_gab_link_inst/uart_inst/lsr_rx_overrun_err_reg_reg/D (clocked by clk_uart). Large setup violations at the end of those stages might be difficult to fix during the post-placement implementation flow and could be the result of non-optimal XDC constraints or non-optimal design architecture
Related violations: <none>

TIMING-16#33 Warning
Large setup violation  
There is a large setup violation of -2.577 ns between Main_i/unity_ctrl_0/U0/UNITY/uart_wb_link_inst/uart_gab_link_inst/uart_gab_link_dl_inst/FULL_DL_RX_GEN.uart_gab_link_dl_rx_fsm_inst/FSM_sequential_state_reg_reg[1]/C (clocked by unity_clk) and Main_i/unity_ctrl_0/U0/UNITY/uart_wb_link_inst/uart_gab_link_inst/uart_inst/uart_rx_inst/p_err_reg_reg/D (clocked by clk_uart). Large setup violations at the end of those stages might be difficult to fix during the post-placement implementation flow and could be the result of non-optimal XDC constraints or non-optimal design architecture
Related violations: <none>

TIMING-16#34 Warning
Large setup violation  
There is a large setup violation of -2.606 ns between Main_i/unity_ctrl_0/U0/UNITY/uart_wb_link_inst/uart_gab_link_inst/uart_gab_link_dl_inst/FULL_DL_RX_GEN.uart_gab_link_dl_rx_fsm_inst/FSM_sequential_state_reg_reg[1]/C (clocked by unity_clk) and Main_i/unity_ctrl_0/U0/UNITY/uart_wb_link_inst/uart_gab_link_inst/uart_inst/lsr_rx_parity_err_reg_reg/D (clocked by clk_uart). Large setup violations at the end of those stages might be difficult to fix during the post-placement implementation flow and could be the result of non-optimal XDC constraints or non-optimal design architecture
Related violations: <none>

TIMING-16#35 Warning
Large setup violation  
There is a large setup violation of -2.706 ns between Main_i/unity_ctrl_0/U0/UNITY/uart_wb_link_inst/uart_gab_link_inst/uart_gab_link_dl_inst/FULL_DL_RX_GEN.uart_gab_link_dl_rx_fsm_inst/FSM_sequential_state_reg_reg[1]/C (clocked by unity_clk) and Main_i/unity_ctrl_0/U0/UNITY/uart_wb_link_inst/uart_gab_link_inst/uart_inst/lsr_rx_framing_err_reg_reg/D (clocked by clk_uart). Large setup violations at the end of those stages might be difficult to fix during the post-placement implementation flow and could be the result of non-optimal XDC constraints or non-optimal design architecture
Related violations: <none>

TIMING-16#36 Warning
Large setup violation  
There is a large setup violation of -2.733 ns between Main_i/unity_ctrl_0/U0/UNITY/uart_wb_link_inst/uart_gab_link_inst/uart_gab_link_dl_inst/FULL_DL_RX_GEN.uart_gab_link_dl_rx_fsm_inst/FSM_sequential_state_reg_reg[1]/C (clocked by unity_clk) and Main_i/unity_ctrl_0/U0/UNITY/uart_wb_link_inst/uart_gab_link_inst/uart_inst/uart_rx_inst/f_err_reg_reg/D (clocked by clk_uart). Large setup violations at the end of those stages might be difficult to fix during the post-placement implementation flow and could be the result of non-optimal XDC constraints or non-optimal design architecture
Related violations: <none>

TIMING-16#37 Warning
Large setup violation  
There is a large setup violation of -2.894 ns between Main_i/unity_ctrl_0/U0/UNITY/uart_wb_link_inst/uart_gab_link_inst/uart_gab_link_dl_inst/FULL_DL_RX_GEN.uart_gab_link_dl_rx_fsm_inst/FSM_sequential_state_reg_reg[1]/C (clocked by unity_clk) and Main_i/unity_ctrl_0/U0/UNITY/uart_wb_link_inst/uart_gab_link_inst/uart_inst/uart_rx_inst/t_cnt_reg_reg[0]/R (clocked by clk_uart). Large setup violations at the end of those stages might be difficult to fix during the post-placement implementation flow and could be the result of non-optimal XDC constraints or non-optimal design architecture
Related violations: <none>

TIMING-16#38 Warning
Large setup violation  
There is a large setup violation of -2.894 ns between Main_i/unity_ctrl_0/U0/UNITY/uart_wb_link_inst/uart_gab_link_inst/uart_gab_link_dl_inst/FULL_DL_RX_GEN.uart_gab_link_dl_rx_fsm_inst/FSM_sequential_state_reg_reg[1]/C (clocked by unity_clk) and Main_i/unity_ctrl_0/U0/UNITY/uart_wb_link_inst/uart_gab_link_inst/uart_inst/uart_rx_inst/t_cnt_reg_reg[1]/R (clocked by clk_uart). Large setup violations at the end of those stages might be difficult to fix during the post-placement implementation flow and could be the result of non-optimal XDC constraints or non-optimal design architecture
Related violations: <none>

TIMING-16#39 Warning
Large setup violation  
There is a large setup violation of -2.894 ns between Main_i/unity_ctrl_0/U0/UNITY/uart_wb_link_inst/uart_gab_link_inst/uart_gab_link_dl_inst/FULL_DL_RX_GEN.uart_gab_link_dl_rx_fsm_inst/FSM_sequential_state_reg_reg[1]/C (clocked by unity_clk) and Main_i/unity_ctrl_0/U0/UNITY/uart_wb_link_inst/uart_gab_link_inst/uart_inst/uart_rx_inst/t_cnt_reg_reg[2]/R (clocked by clk_uart). Large setup violations at the end of those stages might be difficult to fix during the post-placement implementation flow and could be the result of non-optimal XDC constraints or non-optimal design architecture
Related violations: <none>

TIMING-16#40 Warning
Large setup violation  
There is a large setup violation of -2.894 ns between Main_i/unity_ctrl_0/U0/UNITY/uart_wb_link_inst/uart_gab_link_inst/uart_gab_link_dl_inst/FULL_DL_RX_GEN.uart_gab_link_dl_rx_fsm_inst/FSM_sequential_state_reg_reg[1]/C (clocked by unity_clk) and Main_i/unity_ctrl_0/U0/UNITY/uart_wb_link_inst/uart_gab_link_inst/uart_inst/uart_rx_inst/t_cnt_reg_reg[3]/R (clocked by clk_uart). Large setup violations at the end of those stages might be difficult to fix during the post-placement implementation flow and could be the result of non-optimal XDC constraints or non-optimal design architecture
Related violations: <none>

TIMING-16#41 Warning
Large setup violation  
There is a large setup violation of -3.074 ns between Main_i/unity_ctrl_0/U0/UNITY/uart_wb_link_inst/uart_gab_link_inst/uart_gab_link_dl_inst/FULL_DL_RX_GEN.uart_gab_link_dl_rx_fsm_inst/FSM_sequential_state_reg_reg[1]/C (clocked by unity_clk) and Main_i/unity_ctrl_0/U0/UNITY/uart_wb_link_inst/uart_gab_link_inst/uart_inst/uart_rx_inst/data_reg_reg[0]/R (clocked by clk_uart). Large setup violations at the end of those stages might be difficult to fix during the post-placement implementation flow and could be the result of non-optimal XDC constraints or non-optimal design architecture
Related violations: <none>

TIMING-16#42 Warning
Large setup violation  
There is a large setup violation of -3.074 ns between Main_i/unity_ctrl_0/U0/UNITY/uart_wb_link_inst/uart_gab_link_inst/uart_gab_link_dl_inst/FULL_DL_RX_GEN.uart_gab_link_dl_rx_fsm_inst/FSM_sequential_state_reg_reg[1]/C (clocked by unity_clk) and Main_i/unity_ctrl_0/U0/UNITY/uart_wb_link_inst/uart_gab_link_inst/uart_inst/uart_rx_inst/data_reg_reg[1]/R (clocked by clk_uart). Large setup violations at the end of those stages might be difficult to fix during the post-placement implementation flow and could be the result of non-optimal XDC constraints or non-optimal design architecture
Related violations: <none>

TIMING-16#43 Warning
Large setup violation  
There is a large setup violation of -3.074 ns between Main_i/unity_ctrl_0/U0/UNITY/uart_wb_link_inst/uart_gab_link_inst/uart_gab_link_dl_inst/FULL_DL_RX_GEN.uart_gab_link_dl_rx_fsm_inst/FSM_sequential_state_reg_reg[1]/C (clocked by unity_clk) and Main_i/unity_ctrl_0/U0/UNITY/uart_wb_link_inst/uart_gab_link_inst/uart_inst/uart_rx_inst/data_reg_reg[2]/R (clocked by clk_uart). Large setup violations at the end of those stages might be difficult to fix during the post-placement implementation flow and could be the result of non-optimal XDC constraints or non-optimal design architecture
Related violations: <none>

TIMING-16#44 Warning
Large setup violation  
There is a large setup violation of -3.074 ns between Main_i/unity_ctrl_0/U0/UNITY/uart_wb_link_inst/uart_gab_link_inst/uart_gab_link_dl_inst/FULL_DL_RX_GEN.uart_gab_link_dl_rx_fsm_inst/FSM_sequential_state_reg_reg[1]/C (clocked by unity_clk) and Main_i/unity_ctrl_0/U0/UNITY/uart_wb_link_inst/uart_gab_link_inst/uart_inst/uart_rx_inst/data_reg_reg[3]/R (clocked by clk_uart). Large setup violations at the end of those stages might be difficult to fix during the post-placement implementation flow and could be the result of non-optimal XDC constraints or non-optimal design architecture
Related violations: <none>

TIMING-16#45 Warning
Large setup violation  
There is a large setup violation of -3.074 ns between Main_i/unity_ctrl_0/U0/UNITY/uart_wb_link_inst/uart_gab_link_inst/uart_gab_link_dl_inst/FULL_DL_RX_GEN.uart_gab_link_dl_rx_fsm_inst/FSM_sequential_state_reg_reg[1]/C (clocked by unity_clk) and Main_i/unity_ctrl_0/U0/UNITY/uart_wb_link_inst/uart_gab_link_inst/uart_inst/uart_rx_inst/data_reg_reg[4]/R (clocked by clk_uart). Large setup violations at the end of those stages might be difficult to fix during the post-placement implementation flow and could be the result of non-optimal XDC constraints or non-optimal design architecture
Related violations: <none>

TIMING-16#46 Warning
Large setup violation  
There is a large setup violation of -3.074 ns between Main_i/unity_ctrl_0/U0/UNITY/uart_wb_link_inst/uart_gab_link_inst/uart_gab_link_dl_inst/FULL_DL_RX_GEN.uart_gab_link_dl_rx_fsm_inst/FSM_sequential_state_reg_reg[1]/C (clocked by unity_clk) and Main_i/unity_ctrl_0/U0/UNITY/uart_wb_link_inst/uart_gab_link_inst/uart_inst/uart_rx_inst/data_reg_reg[5]/R (clocked by clk_uart). Large setup violations at the end of those stages might be difficult to fix during the post-placement implementation flow and could be the result of non-optimal XDC constraints or non-optimal design architecture
Related violations: <none>

TIMING-16#47 Warning
Large setup violation  
There is a large setup violation of -3.074 ns between Main_i/unity_ctrl_0/U0/UNITY/uart_wb_link_inst/uart_gab_link_inst/uart_gab_link_dl_inst/FULL_DL_RX_GEN.uart_gab_link_dl_rx_fsm_inst/FSM_sequential_state_reg_reg[1]/C (clocked by unity_clk) and Main_i/unity_ctrl_0/U0/UNITY/uart_wb_link_inst/uart_gab_link_inst/uart_inst/uart_rx_inst/data_reg_reg[6]/R (clocked by clk_uart). Large setup violations at the end of those stages might be difficult to fix during the post-placement implementation flow and could be the result of non-optimal XDC constraints or non-optimal design architecture
Related violations: <none>

TIMING-16#48 Warning
Large setup violation  
There is a large setup violation of -3.074 ns between Main_i/unity_ctrl_0/U0/UNITY/uart_wb_link_inst/uart_gab_link_inst/uart_gab_link_dl_inst/FULL_DL_RX_GEN.uart_gab_link_dl_rx_fsm_inst/FSM_sequential_state_reg_reg[1]/C (clocked by unity_clk) and Main_i/unity_ctrl_0/U0/UNITY/uart_wb_link_inst/uart_gab_link_inst/uart_inst/uart_rx_inst/data_reg_reg[7]/R (clocked by clk_uart). Large setup violations at the end of those stages might be difficult to fix during the post-placement implementation flow and could be the result of non-optimal XDC constraints or non-optimal design architecture
Related violations: <none>

TIMING-16#49 Warning
Large setup violation  
There is a large setup violation of -3.081 ns between Main_i/unity_ctrl_0/U0/UNITY/uart_wb_link_inst/uart_gab_link_inst/uart_gab_link_dl_inst/FULL_DL_RX_GEN.uart_gab_link_dl_rx_fsm_inst/FSM_sequential_state_reg_reg[1]/C (clocked by unity_clk) and Main_i/unity_ctrl_0/U0/UNITY/uart_wb_link_inst/uart_gab_link_inst/uart_inst/uart_rx_inst/db_cnt_reg_reg[1]/R (clocked by clk_uart). Large setup violations at the end of those stages might be difficult to fix during the post-placement implementation flow and could be the result of non-optimal XDC constraints or non-optimal design architecture
Related violations: <none>

TIMING-16#50 Warning
Large setup violation  
There is a large setup violation of -3.081 ns between Main_i/unity_ctrl_0/U0/UNITY/uart_wb_link_inst/uart_gab_link_inst/uart_gab_link_dl_inst/FULL_DL_RX_GEN.uart_gab_link_dl_rx_fsm_inst/FSM_sequential_state_reg_reg[1]/C (clocked by unity_clk) and Main_i/unity_ctrl_0/U0/UNITY/uart_wb_link_inst/uart_gab_link_inst/uart_inst/uart_rx_inst/state_reg_reg[0]/R (clocked by clk_uart). Large setup violations at the end of those stages might be difficult to fix during the post-placement implementation flow and could be the result of non-optimal XDC constraints or non-optimal design architecture
Related violations: <none>

TIMING-16#51 Warning
Large setup violation  
There is a large setup violation of -3.081 ns between Main_i/unity_ctrl_0/U0/UNITY/uart_wb_link_inst/uart_gab_link_inst/uart_gab_link_dl_inst/FULL_DL_RX_GEN.uart_gab_link_dl_rx_fsm_inst/FSM_sequential_state_reg_reg[1]/C (clocked by unity_clk) and Main_i/unity_ctrl_0/U0/UNITY/uart_wb_link_inst/uart_gab_link_inst/uart_inst/uart_rx_inst/state_reg_reg[1]/R (clocked by clk_uart). Large setup violations at the end of those stages might be difficult to fix during the post-placement implementation flow and could be the result of non-optimal XDC constraints or non-optimal design architecture
Related violations: <none>

TIMING-16#52 Warning
Large setup violation  
There is a large setup violation of -3.081 ns between Main_i/unity_ctrl_0/U0/UNITY/uart_wb_link_inst/uart_gab_link_inst/uart_gab_link_dl_inst/FULL_DL_RX_GEN.uart_gab_link_dl_rx_fsm_inst/FSM_sequential_state_reg_reg[1]/C (clocked by unity_clk) and Main_i/unity_ctrl_0/U0/UNITY/uart_wb_link_inst/uart_gab_link_inst/uart_inst/uart_rx_inst/state_reg_reg[2]/R (clocked by clk_uart). Large setup violations at the end of those stages might be difficult to fix during the post-placement implementation flow and could be the result of non-optimal XDC constraints or non-optimal design architecture
Related violations: <none>

TIMING-16#53 Warning
Large setup violation  
There is a large setup violation of -3.120 ns between Main_i/unity_ctrl_0/U0/UNITY/uart_wb_link_inst/uart_gab_link_inst/uart_gab_link_dl_inst/FULL_DL_RX_GEN.uart_gab_link_dl_rx_fsm_inst/FSM_sequential_state_reg_reg[1]/C (clocked by unity_clk) and Main_i/unity_ctrl_0/U0/UNITY/uart_wb_link_inst/uart_gab_link_inst/uart_inst/uart_rx_inst/db_cnt_reg_reg[0]/R (clocked by clk_uart). Large setup violations at the end of those stages might be difficult to fix during the post-placement implementation flow and could be the result of non-optimal XDC constraints or non-optimal design architecture
Related violations: <none>

TIMING-16#54 Warning
Large setup violation  
There is a large setup violation of -3.120 ns between Main_i/unity_ctrl_0/U0/UNITY/uart_wb_link_inst/uart_gab_link_inst/uart_gab_link_dl_inst/FULL_DL_RX_GEN.uart_gab_link_dl_rx_fsm_inst/FSM_sequential_state_reg_reg[1]/C (clocked by unity_clk) and Main_i/unity_ctrl_0/U0/UNITY/uart_wb_link_inst/uart_gab_link_inst/uart_inst/uart_rx_inst/db_cnt_reg_reg[2]/R (clocked by clk_uart). Large setup violations at the end of those stages might be difficult to fix during the post-placement implementation flow and could be the result of non-optimal XDC constraints or non-optimal design architecture
Related violations: <none>

TIMING-18#1 Warning
Missing input or output delay  
An input delay is missing on rx_i relative to clock(s) VIRTUAL_clk_uart 
Related violations: <none>

TIMING-18#2 Warning
Missing input or output delay  
An output delay is missing on tx_o relative to clock(s) VIRTUAL_clk_uart 
Related violations: <none>

TIMING-20#1 Warning
Non-clocked latch  
The latch Main_i/unity_ctrl_0/U0/mem_data_in_reg[0] cannot be properly analyzed as its control pin Main_i/unity_ctrl_0/U0/mem_data_in_reg[0]/G is not reached by a timing clock
Related violations: <none>

TIMING-20#2 Warning
Non-clocked latch  
The latch Main_i/unity_ctrl_0/U0/mem_data_in_reg[1] cannot be properly analyzed as its control pin Main_i/unity_ctrl_0/U0/mem_data_in_reg[1]/G is not reached by a timing clock
Related violations: <none>

TIMING-20#3 Warning
Non-clocked latch  
The latch Main_i/unity_ctrl_0/U0/mem_data_in_reg[3] cannot be properly analyzed as its control pin Main_i/unity_ctrl_0/U0/mem_data_in_reg[3]/G is not reached by a timing clock
Related violations: <none>

TIMING-20#4 Warning
Non-clocked latch  
The latch Main_i/unity_ctrl_0/U0/mem_data_in_reg[5] cannot be properly analyzed as its control pin Main_i/unity_ctrl_0/U0/mem_data_in_reg[5]/G is not reached by a timing clock
Related violations: <none>

TIMING-20#5 Warning
Non-clocked latch  
The latch Main_i/unity_ctrl_0/U0/mem_data_in_reg[7] cannot be properly analyzed as its control pin Main_i/unity_ctrl_0/U0/mem_data_in_reg[7]/G is not reached by a timing clock
Related violations: <none>


